<?xml version="1.0" encoding="UTF-8"?>
<!-- Generated by org.testng.reporters.JUnitReportReporter -->
<testsuite skipped="0" hostname="NDE-MITTAVAI" name="com.hybridFramework.contentmap.Sprint10TestCases" tests="13" failures="0" timestamp="27 Jun 2018 08:46:49 GMT" time="509.431" errors="0">
  <testcase name="TC09_VerifyAttachmentCountNAMR" time="15.171" classname="com.hybridFramework.contentmap.Sprint10TestCases"/>
  <testcase name="TC12_VerifyAttachmentCountDistinct" time="49.319" classname="com.hybridFramework.contentmap.Sprint10TestCases"/>
  <testcase name="TC10_VerifyAttachmentCountWESA" time="15.652" classname="com.hybridFramework.contentmap.Sprint10TestCases"/>
  <testcase name="TC04_VerifyGoBackBtnFunctionality" time="59.175" classname="com.hybridFramework.contentmap.Sprint10TestCases"/>
  <testcase name="TC03_VerifyMaterialDashboard" time="73.612" classname="com.hybridFramework.contentmap.Sprint10TestCases"/>
  <testcase name="TC13_VerifyAttachmentCountAvgAgeing" time="16.321" classname="com.hybridFramework.contentmap.Sprint10TestCases"/>
  <testcase name="TC06_VerifyAttachmentCount" time="64.080" classname="com.hybridFramework.contentmap.Sprint10TestCases"/>
  <testcase name="TC08_VerifyAttachmentCountCEMA" time="15.654" classname="com.hybridFramework.contentmap.Sprint10TestCases"/>
  <testcase name="TC11_VerifyAttachmentCountPARecommended" time="15.229" classname="com.hybridFramework.contentmap.Sprint10TestCases"/>
  <testcase name="TC01_VerifyPADefaultDrpDown" time="13.843" classname="com.hybridFramework.contentmap.Sprint10TestCases"/>
  <testcase name="TC05_VerifyClearRefreshBtnFunctionality" time="80.755" classname="com.hybridFramework.contentmap.Sprint10TestCases"/>
  <testcase name="TC07_VerifyAttachmentCountAPAC" time="60.177" classname="com.hybridFramework.contentmap.Sprint10TestCases"/>
  <testcase name="TC02_ColorCodeLegend" time="30.443" classname="com.hybridFramework.contentmap.Sprint10TestCases"/>
</testsuite> <!-- com.hybridFramework.contentmap.Sprint10TestCases -->
