<?xml version="1.0" encoding="UTF-8"?>
<!-- Generated by org.testng.reporters.JUnitReportReporter -->
<testsuite skipped="0" hostname="NDE-54211342" name="com.hybridFramework.RMS.singleRoutingFromDRS.RMSOnBoardedPAKT" tests="1" failures="0" timestamp="30 Jul 2019 06:52:35 GMT" time="410.204" errors="0">
  <testcase name="SingleRoutingfromDRStoPaOnBoarded" time="410.204" classname="com.hybridFramework.RMS.singleRoutingFromDRS.RMSOnBoardedPAKT"/>
</testsuite> <!-- com.hybridFramework.RMS.singleRoutingFromDRS.RMSOnBoardedPAKT -->
