<?xml version="1.0" encoding="UTF-8"?>
<!-- Generated by org.testng.reporters.JUnitReportReporter -->
<testsuite skipped="0" hostname="NDE-MITTAVAI" name="com.hybridFramework.homePage.LoginTest" tests="12" failures="0" timestamp="13 Jun 2018 10:04:33 GMT" time="500.554" errors="0">
  <testcase name="TC11_ClearSelectionLinkFunctionality" time="34.593" classname="com.hybridFramework.homePage.LoginTest"/>
  <testcase name="TC07_UpdateStatusPopup" time="104.589" classname="com.hybridFramework.homePage.LoginTest"/>
  <testcase name="TC03_VerifyPADrpDown" time="11.271" classname="com.hybridFramework.homePage.LoginTest"/>
  <testcase name="TC10_VerifyChangeHistorySection" time="12.746" classname="com.hybridFramework.homePage.LoginTest"/>
  <testcase name="TC09_VerifyViewMaterialButton" time="55.292" classname="com.hybridFramework.homePage.LoginTest"/>
  <testcase name="TC08_UpdateStatusFunctionality" time="51.635" classname="com.hybridFramework.homePage.LoginTest"/>
  <testcase name="TC01_VerifyCMButtonFunctionality" time="34.929" classname="com.hybridFramework.homePage.LoginTest"/>
  <testcase name="TC12_ValidateConfigureContentMap" time="47.510" classname="com.hybridFramework.homePage.LoginTest"/>
  <testcase name="TC05_VerifyContentMapSection" time="13.074" classname="com.hybridFramework.homePage.LoginTest"/>
  <testcase name="TC06_TableCellFunctionality" time="36.382" classname="com.hybridFramework.homePage.LoginTest"/>
  <testcase name="TC02_VerifyPANavigatorButtonFunctionality" time="24.956" classname="com.hybridFramework.homePage.LoginTest"/>
  <testcase name="TC04_VerifyViewPAMaterialButton" time="73.577" classname="com.hybridFramework.homePage.LoginTest"/>
</testsuite> <!-- com.hybridFramework.homePage.LoginTest -->
