<?xml version="1.0" encoding="UTF-8"?>
<!-- Generated by org.testng.reporters.JUnitReportReporter -->
<testsuite skipped="0" hostname="NDE-13678841" name="com.hybridFramework.contentmap.KnowledgeCaptureRegressionTestCases" tests="22" failures="0" timestamp="28 Feb 2019 06:41:21 GMT" time="1857.083" errors="1">
  <testcase name="TC09_VerifyAppliedFilterSection" time="170.686" classname="com.hybridFramework.contentmap.KnowledgeCaptureRegressionTestCases"/>
  <testcase name="TC02_VerifySrchWithCaseID" time="29.897" classname="com.hybridFramework.contentmap.KnowledgeCaptureRegressionTestCases"/>
  <testcase name="TC14_VerifyPreBuiltQueriesFunctionality" time="72.653" classname="com.hybridFramework.contentmap.KnowledgeCaptureRegressionTestCases">
    <error type="java.lang.NullPointerException">
      <![CDATA[java.lang.NullPointerException
at com.hybridFramework.PageObject.CaseCapture.verifyPreBuiltQueriesResult(CaseCapture.java:885)
at com.hybridFramework.contentmap.KnowledgeCaptureRegressionTestCases.TC14_VerifyPreBuiltQueriesFunctionality(KnowledgeCaptureRegressionTestCases.java:426)
at sun.reflect.NativeMethodAccessorImpl.invoke0(Native Method)
at sun.reflect.NativeMethodAccessorImpl.invoke(Unknown Source)
at sun.reflect.DelegatingMethodAccessorImpl.invoke(Unknown Source)
at java.lang.reflect.Method.invoke(Unknown Source)
at org.testng.internal.MethodInvocationHelper.invokeMethod(MethodInvocationHelper.java:124)
at org.testng.internal.Invoker.invokeMethod(Invoker.java:580)
at org.testng.internal.Invoker.invokeTestMethod(Invoker.java:716)
at org.testng.internal.Invoker.invokeTestMethods(Invoker.java:988)
at org.testng.internal.TestMethodWorker.invokeTestMethods(TestMethodWorker.java:125)
at org.testng.internal.TestMethodWorker.run(TestMethodWorker.java:109)
at org.testng.TestRunner.privateRun(TestRunner.java:648)
at org.testng.TestRunner.run(TestRunner.java:505)
at org.testng.SuiteRunner.runTest(SuiteRunner.java:455)
at org.testng.SuiteRunner.runSequentially(SuiteRunner.java:450)
at org.testng.SuiteRunner.privateRun(SuiteRunner.java:415)
at org.testng.SuiteRunner.run(SuiteRunner.java:364)
at org.testng.SuiteRunnerWorker.runSuite(SuiteRunnerWorker.java:52)
at org.testng.SuiteRunnerWorker.run(SuiteRunnerWorker.java:84)
at org.testng.TestNG.runSuitesSequentially(TestNG.java:1208)
at org.testng.TestNG.runSuitesLocally(TestNG.java:1137)
at org.testng.TestNG.runSuites(TestNG.java:1049)
at org.testng.TestNG.run(TestNG.java:1017)
at org.testng.remote.AbstractRemoteTestNG.run(AbstractRemoteTestNG.java:114)
at org.testng.remote.RemoteTestNG.initAndRun(RemoteTestNG.java:251)
at org.testng.remote.RemoteTestNG.main(RemoteTestNG.java:77)
]]>
    </error>
  </testcase> <!-- TC14_VerifyPreBuiltQueriesFunctionality -->
  <testcase name="TC10_VerifyAdvancedFilterSection" time="36.625" classname="com.hybridFramework.contentmap.KnowledgeCaptureRegressionTestCases"/>
  <testcase name="TC19_VerifyAttachmentBasedScenario" time="144.563" classname="com.hybridFramework.contentmap.KnowledgeCaptureRegressionTestCases"/>
  <testcase name="TC08_VerifyKMSOwnerSelection" time="51.810" classname="com.hybridFramework.contentmap.KnowledgeCaptureRegressionTestCases"/>
  <testcase name="TC11_VerifyAdvancedFilterSectionValues" time="120.322" classname="com.hybridFramework.contentmap.KnowledgeCaptureRegressionTestCases"/>
  <testcase name="TC13_VerifyApplyButtonFunctionality" time="27.188" classname="com.hybridFramework.contentmap.KnowledgeCaptureRegressionTestCases"/>
  <testcase name="TC15_VerifyClientCaseDataDisplayed" time="69.399" classname="com.hybridFramework.contentmap.KnowledgeCaptureRegressionTestCases"/>
  <testcase name="TC03_VerifySrchWithCaseName" time="35.124" classname="com.hybridFramework.contentmap.KnowledgeCaptureRegressionTestCases"/>
  <testcase name="TC20_VerifyResponseMailAttachmentScenario" time="123.238" classname="com.hybridFramework.contentmap.KnowledgeCaptureRegressionTestCases"/>
  <testcase name="TC18_VerifyEmailResponseWorkFlow" time="210.323" classname="com.hybridFramework.contentmap.KnowledgeCaptureRegressionTestCases"/>
  <testcase name="TC07_VerifyFiltersValidationMsgs" time="145.022" classname="com.hybridFramework.contentmap.KnowledgeCaptureRegressionTestCases"/>
  <testcase name="TC12_VerifySaveQueryFunctionality" time="77.527" classname="com.hybridFramework.contentmap.KnowledgeCaptureRegressionTestCases"/>
  <testcase name="TC22_VerifyReplyToCTMembersFunctionality" time="143.682" classname="com.hybridFramework.contentmap.KnowledgeCaptureRegressionTestCases"/>
  <testcase name="TC05_VerifySrchWithIncorrectCaseID" time="44.705" classname="com.hybridFramework.contentmap.KnowledgeCaptureRegressionTestCases"/>
  <testcase name="TC04_VerifySrchWithMultipleCaseID" time="45.210" classname="com.hybridFramework.contentmap.KnowledgeCaptureRegressionTestCases"/>
  <testcase name="TC21_VerifyResponseSummaryPageWithAttachment" time="29.357" classname="com.hybridFramework.contentmap.KnowledgeCaptureRegressionTestCases"/>
  <testcase name="TC06_VerifyQuickFilterSection" time="37.509" classname="com.hybridFramework.contentmap.KnowledgeCaptureRegressionTestCases"/>
  <testcase name="TC01_VerifySrchBoxPlaceHolder" time="15.280" classname="com.hybridFramework.contentmap.KnowledgeCaptureRegressionTestCases"/>
  <testcase name="TC16_VerifyKCDashBoardDetails" time="132.142" classname="com.hybridFramework.contentmap.KnowledgeCaptureRegressionTestCases"/>
  <testcase name="TC17_VerifySendBulkEmailWorkFlow" time="94.821" classname="com.hybridFramework.contentmap.KnowledgeCaptureRegressionTestCases"/>
</testsuite> <!-- com.hybridFramework.contentmap.KnowledgeCaptureRegressionTestCases -->
