<?xml version="1.0" encoding="UTF-8"?>
<!-- Generated by org.testng.reporters.JUnitReportReporter -->
<testsuite skipped="0" hostname="NDE-MITTAVAI" name="com.hybridFramework.contentmap.AccessManagementRegressionTestcases" tests="7" failures="0" timestamp="06 Aug 2018 10:33:39 GMT" time="92.187" errors="0">
  <testcase name="TC06_verifyEditPermissionSave" time="7.299" classname="com.hybridFramework.contentmap.AccessManagementRegressionTestcases"/>
  <testcase name="TC07_verifyPermissionRemoveFunctionality" time="14.462" classname="com.hybridFramework.contentmap.AccessManagementRegressionTestcases"/>
  <testcase name="TC01_verifyAccessManagementTab" time="19.112" classname="com.hybridFramework.contentmap.AccessManagementRegressionTestcases"/>
  <testcase name="TC02_verifyAddNewUserBtnFunctionality" time="2.019" classname="com.hybridFramework.contentmap.AccessManagementRegressionTestcases"/>
  <testcase name="TC04_verifyAccessDetailsTable" time="31.472" classname="com.hybridFramework.contentmap.AccessManagementRegressionTestcases"/>
  <testcase name="TC05_verifyReadPermissionSave" time="7.843" classname="com.hybridFramework.contentmap.AccessManagementRegressionTestcases"/>
  <testcase name="TC03_verifyUserAddFunctionality" time="9.980" classname="com.hybridFramework.contentmap.AccessManagementRegressionTestcases"/>
</testsuite> <!-- com.hybridFramework.contentmap.AccessManagementRegressionTestcases -->
