<?xml version="1.0" encoding="UTF-8"?>
<!-- Generated by org.testng.reporters.JUnitReportReporter -->
<testsuite skipped="0" hostname="NDE-MITTAVAI" name="com.hybridFramework.contentmap.CaseIdentificationDashboardRegressionTestCases" tests="1" failures="0" timestamp="23 Jul 2018 10:31:44 GMT" time="61.725" errors="0">
  <testcase name="TC03_VerifyAllTableHeaders" time="61.725" classname="com.hybridFramework.contentmap.CaseIdentificationDashboardRegressionTestCases"/>
</testsuite> <!-- com.hybridFramework.contentmap.CaseIdentificationDashboardRegressionTestCases -->
