<?xml version="1.0" encoding="UTF-8"?>
<!-- Generated by org.testng.reporters.JUnitReportReporter -->
<testsuite skipped="0" hostname="NDE-MITTAVAI" name="com.hybridFramework.contentmap.ProdDBKPIValidations" tests="1" failures="0" timestamp="27 Nov 2018 00:18:27 GMT" time="28198.107" errors="0">
  <testcase name="TC01_VerifyKPIDBValues" time="28198.107" classname="com.hybridFramework.contentmap.ProdDBKPIValidations"/>
</testsuite> <!-- com.hybridFramework.contentmap.ProdDBKPIValidations -->
