<?xml version="1.0" encoding="UTF-8"?>
<!-- Generated by org.testng.reporters.JUnitReportReporter -->
<testsuite skipped="0" hostname="NDE-54211342" name="com.hybridFramework.RMS.multipleRoutingWithinPAKT.MRLwithinPAKT" tests="1" failures="0" timestamp="25 Jul 2019 11:30:22 GMT" time="391.559" errors="0">
  <testcase name="multipleRoutingWithinPAKT" time="391.559" classname="com.hybridFramework.RMS.multipleRoutingWithinPAKT.MRLwithinPAKT"/>
</testsuite> <!-- com.hybridFramework.RMS.multipleRoutingWithinPAKT.MRLwithinPAKT -->
