<?xml version="1.0" encoding="UTF-8"?>
<!-- Generated by org.testng.reporters.JUnitReportReporter -->
<testsuite skipped="0" hostname="NDE-MITTAVAI" name="com.hybridFramework.contentmap.ContentMapRegressionTestCases" tests="32" failures="0" timestamp="26 Nov 2018 16:26:49 GMT" time="1135.727" errors="0">
  <testcase name="TC12_VerifyViewMaterialButton" time="50.624" classname="com.hybridFramework.contentmap.ContentMapRegressionTestCases"/>
  <testcase name="TC28_VerifyContentMapMaximumMaterialType" time="13.097" classname="com.hybridFramework.contentmap.ContentMapRegressionTestCases"/>
  <testcase name="TC09_UpdateStatusPopup" time="84.447" classname="com.hybridFramework.contentmap.ContentMapRegressionTestCases"/>
  <testcase name="TC13_VerifyChangeHistorySection" time="11.573" classname="com.hybridFramework.contentmap.ContentMapRegressionTestCases"/>
  <testcase name="TC17_ValidateTopicFromSubTopic" time="15.043" classname="com.hybridFramework.contentmap.ContentMapRegressionTestCases"/>
  <testcase name="TC07_VerifyContentMapSection" time="7.825" classname="com.hybridFramework.contentmap.ContentMapRegressionTestCases"/>
  <testcase name="TC11_UpdateStatusFunctionality" time="41.576" classname="com.hybridFramework.contentmap.ContentMapRegressionTestCases"/>
  <testcase name="TC03_VerifyPADefaultDrpDown" time="6.150" classname="com.hybridFramework.contentmap.ContentMapRegressionTestCases"/>
  <testcase name="TC30_VerifyHomePageLinksSubBannerForExpert" time="15.722" classname="com.hybridFramework.contentmap.ContentMapRegressionTestCases"/>
  <testcase name="TC33_VerifyCaseIDDetails" time="63.784" classname="com.hybridFramework.contentmap.ContentMapRegressionTestCases"/>
  <testcase name="TC23_VerifyAvgAgeingCountContentMap" time="22.155" classname="com.hybridFramework.contentmap.ContentMapRegressionTestCases"/>
  <testcase name="TC20_FreezeTitlePaneFunctionality" time="26.874" classname="com.hybridFramework.contentmap.ContentMapRegressionTestCases"/>
  <testcase name="TC27_VerifyDistinctTopicExpertCountContentMap" time="11.721" classname="com.hybridFramework.contentmap.ContentMapRegressionTestCases"/>
  <testcase name="TC26_VerifyTopicExpertKPIVisibility" time="33.288" classname="com.hybridFramework.contentmap.ContentMapRegressionTestCases"/>
  <testcase name="TC04_VerifyPADrpDown" time="6.317" classname="com.hybridFramework.contentmap.ContentMapRegressionTestCases"/>
  <testcase name="TC14_ClearSelectionLinkFunctionality" time="30.856" classname="com.hybridFramework.contentmap.ContentMapRegressionTestCases"/>
  <testcase name="TC19_EditCommentLinkVisibilityScenarios" time="41.357" classname="com.hybridFramework.contentmap.ContentMapRegressionTestCases"/>
  <testcase name="TC18_ValidateOneSubTopicPopupMsg" time="24.783" classname="com.hybridFramework.contentmap.ContentMapRegressionTestCases"/>
  <testcase name="TC08_TableCellFunctionality" time="27.988" classname="com.hybridFramework.contentmap.ContentMapRegressionTestCases"/>
  <testcase name="TC21_VerifyExpertColumnFunctionality" time="163.448" classname="com.hybridFramework.contentmap.ContentMapRegressionTestCases"/>
  <testcase name="TC25_VerifyDistinctDownloadsCountContentMap" time="3.356" classname="com.hybridFramework.contentmap.ContentMapRegressionTestCases"/>
  <testcase name="TC16_EditCommentFunctionality" time="54.247" classname="com.hybridFramework.contentmap.ContentMapRegressionTestCases"/>
  <testcase name="TC06_VerifyViewPACasesButtonFunctionality" time="62.597" classname="com.hybridFramework.contentmap.ContentMapRegressionTestCases"/>
  <testcase name="TC24_VerifyPARecommendedCountContentMap" time="24.502" classname="com.hybridFramework.contentmap.ContentMapRegressionTestCases"/>
  <testcase name="TC29_VerifyHomePageLinksSubBanner" time="12.040" classname="com.hybridFramework.contentmap.ContentMapRegressionTestCases"/>
  <testcase name="TC10_ColorCodeLegend" time="35.753" classname="com.hybridFramework.contentmap.ContentMapRegressionTestCases"/>
  <testcase name="TC32_VerifyCasesListCount" time="47.530" classname="com.hybridFramework.contentmap.ContentMapRegressionTestCases"/>
  <testcase name="TC01_VerifyCMButtonFunctionality" time="39.668" classname="com.hybridFramework.contentmap.ContentMapRegressionTestCases"/>
  <testcase name="TC15_ValidateConfigureContentMap" time="19.458" classname="com.hybridFramework.contentmap.ContentMapRegressionTestCases"/>
  <testcase name="TC05_VerifyViewPAMaterialButtonFunctionality" time="64.963" classname="com.hybridFramework.contentmap.ContentMapRegressionTestCases"/>
  <testcase name="TC22_VerifyAttachmentCountContentMap" time="31.891" classname="com.hybridFramework.contentmap.ContentMapRegressionTestCases"/>
  <testcase name="TC31_VerifyMaterialsListCount" time="41.094" classname="com.hybridFramework.contentmap.ContentMapRegressionTestCases"/>
</testsuite> <!-- com.hybridFramework.contentmap.ContentMapRegressionTestCases -->
