<?xml version="1.0" encoding="UTF-8"?>
<!-- Generated by org.testng.reporters.JUnitReportReporter -->
<testsuite skipped="0" hostname="BYXDKT2" name="com.hybridFramework.Devops.TestForBookStoreLogin" tests="1" failures="0" timestamp="22 Aug 2021 06:59:30 GMT" time="16.133" errors="0">
  <testcase name="TestForRegisterAUserAndLogin" time="16.133" classname="com.hybridFramework.Devops.TestForBookStoreLogin"/>
</testsuite> <!-- com.hybridFramework.Devops.TestForBookStoreLogin -->
