<?xml version="1.0" encoding="UTF-8"?>
<!-- Generated by org.testng.reporters.JUnitReportReporter -->
<testsuite skipped="0" hostname="NDE-54211342" name="com.hybridFramework.RMS.multipleRoutingFromDRS.MLRFromDRStoOnBoardedPAKT" tests="1" failures="0" timestamp="19 Jul 2019 09:51:53 GMT" time="535.719" errors="0">
  <testcase name="drsToConsFIAndTA" time="535.719" classname="com.hybridFramework.RMS.multipleRoutingFromDRS.MLRFromDRStoOnBoardedPAKT"/>
</testsuite> <!-- com.hybridFramework.RMS.multipleRoutingFromDRS.MLRFromDRStoOnBoardedPAKT -->
