<?xml version="1.0" encoding="UTF-8"?>
<!-- Generated by org.testng.reporters.JUnitReportReporter -->
<testsuite skipped="0" hostname="NDE-54211342" name="com.hybridFramework.RMS.allocationLogicForRDEs_AssistMe.ViaManualInput" tests="1" failures="0" timestamp="06 Dec 2019 06:18:49 GMT" time="243.311" errors="0">
  <testcase name="viaManualInputtoRDEs_TC_01_02_03_04" time="243.311" classname="com.hybridFramework.RMS.allocationLogicForRDEs_AssistMe.ViaManualInput"/>
</testsuite> <!-- com.hybridFramework.RMS.allocationLogicForRDEs_AssistMe.ViaManualInput -->
