<?xml version="1.0" encoding="UTF-8"?>
<!-- Generated by org.testng.reporters.JUnitReportReporter -->
<testsuite skipped="0" hostname="NDE-54211342" name="test.CreateAssitMeRequest" tests="1" failures="0" timestamp="14 Aug 2019 06:08:46 GMT" time="21.338" errors="0">
  <testcase name="cofluenceSetUp" time="21.338" classname="test.CreateAssitMeRequest"/>
</testsuite> <!-- test.CreateAssitMeRequest -->
